[2024-03-14 15:27:07,860] {taskinstance.py:1159} INFO - Dependencies all met for <TaskInstance: etl_covid_daily.etl_src_to_stg scheduled__2024-03-10T00:00:00+00:00 [queued]>
[2024-03-14 15:27:07,954] {taskinstance.py:1159} INFO - Dependencies all met for <TaskInstance: etl_covid_daily.etl_src_to_stg scheduled__2024-03-10T00:00:00+00:00 [queued]>
[2024-03-14 15:27:07,962] {taskinstance.py:1356} INFO - 
--------------------------------------------------------------------------------
[2024-03-14 15:27:07,964] {taskinstance.py:1357} INFO - Starting attempt 1 of 1
[2024-03-14 15:27:07,966] {taskinstance.py:1358} INFO - 
--------------------------------------------------------------------------------
[2024-03-14 15:27:08,031] {taskinstance.py:1377} INFO - Executing <Task(PythonOperator): etl_src_to_stg> on 2024-03-10 00:00:00+00:00
[2024-03-14 15:27:08,042] {standard_task_runner.py:52} INFO - Started process 8146 to run task
[2024-03-14 15:27:08,056] {standard_task_runner.py:79} INFO - Running: ['airflow', 'tasks', 'run', 'etl_covid_daily', 'etl_src_to_stg', 'scheduled__2024-03-10T00:00:00+00:00', '--job-id', '11', '--raw', '--subdir', 'DAGS_FOLDER/etl_covid_daily.py', '--cfg-path', '/tmp/tmpht3brmsb', '--error-file', '/tmp/tmpn2_cmw24']
[2024-03-14 15:27:08,062] {standard_task_runner.py:80} INFO - Job 11: Subtask etl_src_to_stg
[2024-03-14 15:27:08,147] {logging_mixin.py:115} WARNING - /home/airflow/.local/lib/python3.7/site-packages/airflow/configuration.py:470 DeprecationWarning: The sql_alchemy_conn option in [core] has been moved to the sql_alchemy_conn option in [database] - the old setting has been used, but please update your config.
[2024-03-14 15:27:08,378] {task_command.py:369} INFO - Running <TaskInstance: etl_covid_daily.etl_src_to_stg scheduled__2024-03-10T00:00:00+00:00 [running]> on host 3751c7bf410e
[2024-03-14 15:27:08,819] {taskinstance.py:1571} INFO - Exporting the following env vars:
AIRFLOW_CTX_DAG_OWNER=airflow
AIRFLOW_CTX_DAG_ID=etl_covid_daily
AIRFLOW_CTX_TASK_ID=etl_src_to_stg
AIRFLOW_CTX_EXECUTION_DATE=2024-03-10T00:00:00+00:00
AIRFLOW_CTX_TRY_NUMBER=1
AIRFLOW_CTX_DAG_RUN_ID=scheduled__2024-03-10T00:00:00+00:00
[2024-03-14 15:27:08,989] {python.py:173} INFO - Done. Returned value was: 512
[2024-03-14 15:27:09,070] {taskinstance.py:1400} INFO - Marking task as SUCCESS. dag_id=etl_covid_daily, task_id=etl_src_to_stg, execution_date=20240310T000000, start_date=20240314T152707, end_date=20240314T152709
[2024-03-14 15:27:09,126] {local_task_job.py:156} INFO - Task exited with return code 0
[2024-03-14 15:27:09,272] {local_task_job.py:273} INFO - 1 downstream tasks scheduled from follow-on schedule check
