[2024-03-15 09:43:35,808] {taskinstance.py:1159} INFO - Dependencies all met for <TaskInstance: etl_covid_daily.etl_stg_to_dwh_dim manual__2024-03-15T09:43:31.125229+00:00 [queued]>
[2024-03-15 09:43:35,814] {taskinstance.py:1159} INFO - Dependencies all met for <TaskInstance: etl_covid_daily.etl_stg_to_dwh_dim manual__2024-03-15T09:43:31.125229+00:00 [queued]>
[2024-03-15 09:43:35,814] {taskinstance.py:1356} INFO - 
--------------------------------------------------------------------------------
[2024-03-15 09:43:35,814] {taskinstance.py:1357} INFO - Starting attempt 1 of 1
[2024-03-15 09:43:35,814] {taskinstance.py:1358} INFO - 
--------------------------------------------------------------------------------
[2024-03-15 09:43:35,821] {taskinstance.py:1377} INFO - Executing <Task(PythonOperator): etl_stg_to_dwh_dim> on 2024-03-15 09:43:31.125229+00:00
[2024-03-15 09:43:35,831] {standard_task_runner.py:52} INFO - Started process 18813 to run task
[2024-03-15 09:43:35,846] {standard_task_runner.py:79} INFO - Running: ['airflow', 'tasks', 'run', 'etl_covid_daily', 'etl_stg_to_dwh_dim', 'manual__2024-03-15T09:43:31.125229+00:00', '--job-id', '56', '--raw', '--subdir', 'DAGS_FOLDER/etl_covid_daily.py', '--cfg-path', '/tmp/tmpq_5uyfjz', '--error-file', '/tmp/tmpm_05mhgj']
[2024-03-15 09:43:35,848] {standard_task_runner.py:80} INFO - Job 56: Subtask etl_stg_to_dwh_dim
[2024-03-15 09:43:35,921] {task_command.py:369} INFO - Running <TaskInstance: etl_covid_daily.etl_stg_to_dwh_dim manual__2024-03-15T09:43:31.125229+00:00 [running]> on host 3751c7bf410e
[2024-03-15 09:43:35,980] {taskinstance.py:1571} INFO - Exporting the following env vars:
AIRFLOW_CTX_DAG_OWNER=airflow
AIRFLOW_CTX_DAG_ID=etl_covid_daily
AIRFLOW_CTX_TASK_ID=etl_stg_to_dwh_dim
AIRFLOW_CTX_EXECUTION_DATE=2024-03-15T09:43:31.125229+00:00
AIRFLOW_CTX_TRY_NUMBER=1
AIRFLOW_CTX_DAG_RUN_ID=manual__2024-03-15T09:43:31.125229+00:00
[2024-03-15 09:43:36,049] {python.py:173} INFO - Done. Returned value was: None
[2024-03-15 09:43:36,070] {taskinstance.py:1400} INFO - Marking task as SUCCESS. dag_id=etl_covid_daily, task_id=etl_stg_to_dwh_dim, execution_date=20240315T094331, start_date=20240315T094335, end_date=20240315T094336
[2024-03-15 09:43:36,101] {local_task_job.py:156} INFO - Task exited with return code 0
[2024-03-15 09:43:36,124] {local_task_job.py:273} INFO - 1 downstream tasks scheduled from follow-on schedule check
