[2024-03-14 15:27:06,624] {taskinstance.py:1159} INFO - Dependencies all met for <TaskInstance: etl_covid_daily.etl_src_to_stg scheduled__2024-03-07T00:00:00+00:00 [queued]>
[2024-03-14 15:27:06,682] {taskinstance.py:1159} INFO - Dependencies all met for <TaskInstance: etl_covid_daily.etl_src_to_stg scheduled__2024-03-07T00:00:00+00:00 [queued]>
[2024-03-14 15:27:06,692] {taskinstance.py:1356} INFO - 
--------------------------------------------------------------------------------
[2024-03-14 15:27:06,693] {taskinstance.py:1357} INFO - Starting attempt 1 of 1
[2024-03-14 15:27:06,694] {taskinstance.py:1358} INFO - 
--------------------------------------------------------------------------------
[2024-03-14 15:27:06,816] {taskinstance.py:1377} INFO - Executing <Task(PythonOperator): etl_src_to_stg> on 2024-03-07 00:00:00+00:00
[2024-03-14 15:27:07,049] {standard_task_runner.py:79} INFO - Running: ['airflow', 'tasks', 'run', 'etl_covid_daily', 'etl_src_to_stg', 'scheduled__2024-03-07T00:00:00+00:00', '--job-id', '8', '--raw', '--subdir', 'DAGS_FOLDER/etl_covid_daily.py', '--cfg-path', '/tmp/tmpllmr68ih', '--error-file', '/tmp/tmpd_bhhhkn']
[2024-03-14 15:27:07,073] {standard_task_runner.py:80} INFO - Job 8: Subtask etl_src_to_stg
[2024-03-14 15:27:07,005] {standard_task_runner.py:52} INFO - Started process 8131 to run task
[2024-03-14 15:27:07,199] {logging_mixin.py:115} WARNING - /home/airflow/.local/lib/python3.7/site-packages/airflow/configuration.py:470 DeprecationWarning: The sql_alchemy_conn option in [core] has been moved to the sql_alchemy_conn option in [database] - the old setting has been used, but please update your config.
[2024-03-14 15:27:07,373] {task_command.py:369} INFO - Running <TaskInstance: etl_covid_daily.etl_src_to_stg scheduled__2024-03-07T00:00:00+00:00 [running]> on host 3751c7bf410e
[2024-03-14 15:27:07,694] {taskinstance.py:1571} INFO - Exporting the following env vars:
AIRFLOW_CTX_DAG_OWNER=airflow
AIRFLOW_CTX_DAG_ID=etl_covid_daily
AIRFLOW_CTX_TASK_ID=etl_src_to_stg
AIRFLOW_CTX_EXECUTION_DATE=2024-03-07T00:00:00+00:00
AIRFLOW_CTX_TRY_NUMBER=1
AIRFLOW_CTX_DAG_RUN_ID=scheduled__2024-03-07T00:00:00+00:00
[2024-03-14 15:27:08,171] {python.py:173} INFO - Done. Returned value was: 512
[2024-03-14 15:27:08,370] {taskinstance.py:1400} INFO - Marking task as SUCCESS. dag_id=etl_covid_daily, task_id=etl_src_to_stg, execution_date=20240307T000000, start_date=20240314T152706, end_date=20240314T152708
[2024-03-14 15:27:08,559] {local_task_job.py:156} INFO - Task exited with return code 0
[2024-03-14 15:27:08,765] {local_task_job.py:273} INFO - 1 downstream tasks scheduled from follow-on schedule check
