[2024-03-14 15:32:41,655] {taskinstance.py:1159} INFO - Dependencies all met for <TaskInstance: etl_covid_daily.etl_src_to_stg manual__2024-03-14T15:32:39.373600+00:00 [queued]>
[2024-03-14 15:32:41,664] {taskinstance.py:1159} INFO - Dependencies all met for <TaskInstance: etl_covid_daily.etl_src_to_stg manual__2024-03-14T15:32:39.373600+00:00 [queued]>
[2024-03-14 15:32:41,664] {taskinstance.py:1356} INFO - 
--------------------------------------------------------------------------------
[2024-03-14 15:32:41,664] {taskinstance.py:1357} INFO - Starting attempt 1 of 1
[2024-03-14 15:32:41,664] {taskinstance.py:1358} INFO - 
--------------------------------------------------------------------------------
[2024-03-14 15:32:41,675] {taskinstance.py:1377} INFO - Executing <Task(PythonOperator): etl_src_to_stg> on 2024-03-14 15:32:39.373600+00:00
[2024-03-14 15:32:41,686] {standard_task_runner.py:52} INFO - Started process 8321 to run task
[2024-03-14 15:32:41,692] {standard_task_runner.py:79} INFO - Running: ['airflow', 'tasks', 'run', 'etl_covid_daily', 'etl_src_to_stg', 'manual__2024-03-14T15:32:39.373600+00:00', '--job-id', '28', '--raw', '--subdir', 'DAGS_FOLDER/etl_covid_daily.py', '--cfg-path', '/tmp/tmpg_u9k_wd', '--error-file', '/tmp/tmp_7d_6l68']
[2024-03-14 15:32:41,693] {standard_task_runner.py:80} INFO - Job 28: Subtask etl_src_to_stg
[2024-03-14 15:32:41,979] {task_command.py:369} INFO - Running <TaskInstance: etl_covid_daily.etl_src_to_stg manual__2024-03-14T15:32:39.373600+00:00 [running]> on host 3751c7bf410e
[2024-03-14 15:32:42,219] {taskinstance.py:1571} INFO - Exporting the following env vars:
AIRFLOW_CTX_DAG_OWNER=airflow
AIRFLOW_CTX_DAG_ID=etl_covid_daily
AIRFLOW_CTX_TASK_ID=etl_src_to_stg
AIRFLOW_CTX_EXECUTION_DATE=2024-03-14T15:32:39.373600+00:00
AIRFLOW_CTX_TRY_NUMBER=1
AIRFLOW_CTX_DAG_RUN_ID=manual__2024-03-14T15:32:39.373600+00:00
[2024-03-14 15:32:42,682] {python.py:173} INFO - Done. Returned value was: 512
[2024-03-14 15:32:42,785] {taskinstance.py:1400} INFO - Marking task as SUCCESS. dag_id=etl_covid_daily, task_id=etl_src_to_stg, execution_date=20240314T153239, start_date=20240314T153241, end_date=20240314T153242
[2024-03-14 15:32:42,842] {local_task_job.py:156} INFO - Task exited with return code 0
[2024-03-14 15:32:42,910] {local_task_job.py:273} INFO - 1 downstream tasks scheduled from follow-on schedule check
