[2024-03-14 16:16:44,168] {taskinstance.py:1159} INFO - Dependencies all met for <TaskInstance: etl_covid_daily.etl_stg_to_dwh manual__2024-03-14T16:16:41.377371+00:00 [queued]>
[2024-03-14 16:16:44,179] {taskinstance.py:1159} INFO - Dependencies all met for <TaskInstance: etl_covid_daily.etl_stg_to_dwh manual__2024-03-14T16:16:41.377371+00:00 [queued]>
[2024-03-14 16:16:44,179] {taskinstance.py:1356} INFO - 
--------------------------------------------------------------------------------
[2024-03-14 16:16:44,179] {taskinstance.py:1357} INFO - Starting attempt 1 of 1
[2024-03-14 16:16:44,179] {taskinstance.py:1358} INFO - 
--------------------------------------------------------------------------------
[2024-03-14 16:16:44,191] {taskinstance.py:1377} INFO - Executing <Task(PythonOperator): etl_stg_to_dwh> on 2024-03-14 16:16:41.377371+00:00
[2024-03-14 16:16:44,203] {standard_task_runner.py:52} INFO - Started process 9219 to run task
[2024-03-14 16:16:44,222] {standard_task_runner.py:79} INFO - Running: ['airflow', 'tasks', 'run', 'etl_covid_daily', 'etl_stg_to_dwh', 'manual__2024-03-14T16:16:41.377371+00:00', '--job-id', '35', '--raw', '--subdir', 'DAGS_FOLDER/etl_covid_daily.py', '--cfg-path', '/tmp/tmpbn9b1yhy', '--error-file', '/tmp/tmpaiisnnvv']
[2024-03-14 16:16:44,224] {standard_task_runner.py:80} INFO - Job 35: Subtask etl_stg_to_dwh
[2024-03-14 16:16:44,310] {task_command.py:369} INFO - Running <TaskInstance: etl_covid_daily.etl_stg_to_dwh manual__2024-03-14T16:16:41.377371+00:00 [running]> on host 3751c7bf410e
[2024-03-14 16:16:44,413] {taskinstance.py:1571} INFO - Exporting the following env vars:
AIRFLOW_CTX_DAG_OWNER=airflow
AIRFLOW_CTX_DAG_ID=etl_covid_daily
AIRFLOW_CTX_TASK_ID=etl_stg_to_dwh
AIRFLOW_CTX_EXECUTION_DATE=2024-03-14T16:16:41.377371+00:00
AIRFLOW_CTX_TRY_NUMBER=1
AIRFLOW_CTX_DAG_RUN_ID=manual__2024-03-14T16:16:41.377371+00:00
[2024-03-14 16:16:44,514] {python.py:173} INFO - Done. Returned value was: None
[2024-03-14 16:16:44,524] {taskinstance.py:1400} INFO - Marking task as SUCCESS. dag_id=etl_covid_daily, task_id=etl_stg_to_dwh, execution_date=20240314T161641, start_date=20240314T161644, end_date=20240314T161644
[2024-03-14 16:16:44,565] {local_task_job.py:156} INFO - Task exited with return code 0
[2024-03-14 16:16:44,623] {local_task_job.py:273} INFO - 0 downstream tasks scheduled from follow-on schedule check
