[2024-03-14 15:27:10,379] {taskinstance.py:1159} INFO - Dependencies all met for <TaskInstance: etl_covid_daily.etl_stg_to_dwh scheduled__2024-03-05T00:00:00+00:00 [queued]>
[2024-03-14 15:27:10,427] {taskinstance.py:1159} INFO - Dependencies all met for <TaskInstance: etl_covid_daily.etl_stg_to_dwh scheduled__2024-03-05T00:00:00+00:00 [queued]>
[2024-03-14 15:27:10,433] {taskinstance.py:1356} INFO - 
--------------------------------------------------------------------------------
[2024-03-14 15:27:10,433] {taskinstance.py:1357} INFO - Starting attempt 1 of 1
[2024-03-14 15:27:10,433] {taskinstance.py:1358} INFO - 
--------------------------------------------------------------------------------
[2024-03-14 15:27:10,540] {taskinstance.py:1377} INFO - Executing <Task(PythonOperator): etl_stg_to_dwh> on 2024-03-05 00:00:00+00:00
[2024-03-14 15:27:10,597] {standard_task_runner.py:52} INFO - Started process 8173 to run task
[2024-03-14 15:27:10,624] {standard_task_runner.py:79} INFO - Running: ['airflow', 'tasks', 'run', 'etl_covid_daily', 'etl_stg_to_dwh', 'scheduled__2024-03-05T00:00:00+00:00', '--job-id', '22', '--raw', '--subdir', 'DAGS_FOLDER/etl_covid_daily.py', '--cfg-path', '/tmp/tmphfwanw_m', '--error-file', '/tmp/tmpeaciyjxy']
[2024-03-14 15:27:10,629] {standard_task_runner.py:80} INFO - Job 22: Subtask etl_stg_to_dwh
[2024-03-14 15:27:10,703] {logging_mixin.py:115} WARNING - /home/airflow/.local/lib/python3.7/site-packages/airflow/configuration.py:470 DeprecationWarning: The sql_alchemy_conn option in [core] has been moved to the sql_alchemy_conn option in [database] - the old setting has been used, but please update your config.
[2024-03-14 15:27:10,974] {task_command.py:369} INFO - Running <TaskInstance: etl_covid_daily.etl_stg_to_dwh scheduled__2024-03-05T00:00:00+00:00 [running]> on host 3751c7bf410e
[2024-03-14 15:27:11,633] {taskinstance.py:1571} INFO - Exporting the following env vars:
AIRFLOW_CTX_DAG_OWNER=airflow
AIRFLOW_CTX_DAG_ID=etl_covid_daily
AIRFLOW_CTX_TASK_ID=etl_stg_to_dwh
AIRFLOW_CTX_EXECUTION_DATE=2024-03-05T00:00:00+00:00
AIRFLOW_CTX_TRY_NUMBER=1
AIRFLOW_CTX_DAG_RUN_ID=scheduled__2024-03-05T00:00:00+00:00
[2024-03-14 15:27:12,046] {python.py:173} INFO - Done. Returned value was: 512
[2024-03-14 15:27:12,210] {taskinstance.py:1400} INFO - Marking task as SUCCESS. dag_id=etl_covid_daily, task_id=etl_stg_to_dwh, execution_date=20240305T000000, start_date=20240314T152710, end_date=20240314T152712
[2024-03-14 15:27:12,324] {local_task_job.py:156} INFO - Task exited with return code 0
[2024-03-14 15:27:12,646] {local_task_job.py:273} INFO - 0 downstream tasks scheduled from follow-on schedule check
