[2024-03-15 09:43:36,927] {taskinstance.py:1159} INFO - Dependencies all met for <TaskInstance: etl_covid_daily.etl_stg_to_dwh_fact manual__2024-03-15T09:43:31.125229+00:00 [queued]>
[2024-03-15 09:43:36,940] {taskinstance.py:1159} INFO - Dependencies all met for <TaskInstance: etl_covid_daily.etl_stg_to_dwh_fact manual__2024-03-15T09:43:31.125229+00:00 [queued]>
[2024-03-15 09:43:36,940] {taskinstance.py:1356} INFO - 
--------------------------------------------------------------------------------
[2024-03-15 09:43:36,941] {taskinstance.py:1357} INFO - Starting attempt 1 of 1
[2024-03-15 09:43:36,941] {taskinstance.py:1358} INFO - 
--------------------------------------------------------------------------------
[2024-03-15 09:43:36,951] {taskinstance.py:1377} INFO - Executing <Task(PythonOperator): etl_stg_to_dwh_fact> on 2024-03-15 09:43:31.125229+00:00
[2024-03-15 09:43:36,956] {standard_task_runner.py:52} INFO - Started process 18817 to run task
[2024-03-15 09:43:36,960] {standard_task_runner.py:79} INFO - Running: ['airflow', 'tasks', 'run', 'etl_covid_daily', 'etl_stg_to_dwh_fact', 'manual__2024-03-15T09:43:31.125229+00:00', '--job-id', '57', '--raw', '--subdir', 'DAGS_FOLDER/etl_covid_daily.py', '--cfg-path', '/tmp/tmpvos8ibaz', '--error-file', '/tmp/tmpcv6dj0i6']
[2024-03-15 09:43:36,961] {standard_task_runner.py:80} INFO - Job 57: Subtask etl_stg_to_dwh_fact
[2024-03-15 09:43:37,017] {task_command.py:369} INFO - Running <TaskInstance: etl_covid_daily.etl_stg_to_dwh_fact manual__2024-03-15T09:43:31.125229+00:00 [running]> on host 3751c7bf410e
[2024-03-15 09:43:37,058] {taskinstance.py:1571} INFO - Exporting the following env vars:
AIRFLOW_CTX_DAG_OWNER=airflow
AIRFLOW_CTX_DAG_ID=etl_covid_daily
AIRFLOW_CTX_TASK_ID=etl_stg_to_dwh_fact
AIRFLOW_CTX_EXECUTION_DATE=2024-03-15T09:43:31.125229+00:00
AIRFLOW_CTX_TRY_NUMBER=1
AIRFLOW_CTX_DAG_RUN_ID=manual__2024-03-15T09:43:31.125229+00:00
[2024-03-15 09:43:37,121] {python.py:173} INFO - Done. Returned value was: None
[2024-03-15 09:43:37,129] {taskinstance.py:1400} INFO - Marking task as SUCCESS. dag_id=etl_covid_daily, task_id=etl_stg_to_dwh_fact, execution_date=20240315T094331, start_date=20240315T094336, end_date=20240315T094337
[2024-03-15 09:43:37,142] {local_task_job.py:156} INFO - Task exited with return code 0
[2024-03-15 09:43:37,161] {local_task_job.py:273} INFO - 0 downstream tasks scheduled from follow-on schedule check
