[2024-03-15 00:00:03,449] {taskinstance.py:1159} INFO - Dependencies all met for <TaskInstance: etl_covid_daily.etl_stg_to_dwh scheduled__2024-03-14T00:00:00+00:00 [queued]>
[2024-03-15 00:00:03,455] {taskinstance.py:1159} INFO - Dependencies all met for <TaskInstance: etl_covid_daily.etl_stg_to_dwh scheduled__2024-03-14T00:00:00+00:00 [queued]>
[2024-03-15 00:00:03,456] {taskinstance.py:1356} INFO - 
--------------------------------------------------------------------------------
[2024-03-15 00:00:03,456] {taskinstance.py:1357} INFO - Starting attempt 1 of 1
[2024-03-15 00:00:03,457] {taskinstance.py:1358} INFO - 
--------------------------------------------------------------------------------
[2024-03-15 00:00:03,466] {taskinstance.py:1377} INFO - Executing <Task(PythonOperator): etl_stg_to_dwh> on 2024-03-14 00:00:00+00:00
[2024-03-15 00:00:03,470] {standard_task_runner.py:52} INFO - Started process 11521 to run task
[2024-03-15 00:00:03,472] {standard_task_runner.py:79} INFO - Running: ['airflow', 'tasks', 'run', 'etl_covid_daily', 'etl_stg_to_dwh', 'scheduled__2024-03-14T00:00:00+00:00', '--job-id', '54', '--raw', '--subdir', 'DAGS_FOLDER/etl_covid_daily.py', '--cfg-path', '/tmp/tmpb1a_uet6', '--error-file', '/tmp/tmptkbvcdx9']
[2024-03-15 00:00:03,473] {standard_task_runner.py:80} INFO - Job 54: Subtask etl_stg_to_dwh
[2024-03-15 00:00:03,484] {logging_mixin.py:115} WARNING - /home/airflow/.local/lib/python3.7/site-packages/airflow/configuration.py:470 DeprecationWarning: The sql_alchemy_conn option in [core] has been moved to the sql_alchemy_conn option in [database] - the old setting has been used, but please update your config.
[2024-03-15 00:00:03,506] {task_command.py:369} INFO - Running <TaskInstance: etl_covid_daily.etl_stg_to_dwh scheduled__2024-03-14T00:00:00+00:00 [running]> on host 3751c7bf410e
[2024-03-15 00:00:03,541] {taskinstance.py:1571} INFO - Exporting the following env vars:
AIRFLOW_CTX_DAG_OWNER=airflow
AIRFLOW_CTX_DAG_ID=etl_covid_daily
AIRFLOW_CTX_TASK_ID=etl_stg_to_dwh
AIRFLOW_CTX_EXECUTION_DATE=2024-03-14T00:00:00+00:00
AIRFLOW_CTX_TRY_NUMBER=1
AIRFLOW_CTX_DAG_RUN_ID=scheduled__2024-03-14T00:00:00+00:00
[2024-03-15 00:00:03,589] {python.py:173} INFO - Done. Returned value was: None
[2024-03-15 00:00:03,596] {taskinstance.py:1400} INFO - Marking task as SUCCESS. dag_id=etl_covid_daily, task_id=etl_stg_to_dwh, execution_date=20240314T000000, start_date=20240315T000003, end_date=20240315T000003
[2024-03-15 00:00:03,616] {local_task_job.py:156} INFO - Task exited with return code 0
[2024-03-15 00:00:03,637] {local_task_job.py:273} INFO - 0 downstream tasks scheduled from follow-on schedule check
