[2024-03-15 09:43:33,826] {taskinstance.py:1159} INFO - Dependencies all met for <TaskInstance: etl_covid_daily.etl_src_to_stg manual__2024-03-15T09:43:31.125229+00:00 [queued]>
[2024-03-15 09:43:33,882] {taskinstance.py:1159} INFO - Dependencies all met for <TaskInstance: etl_covid_daily.etl_src_to_stg manual__2024-03-15T09:43:31.125229+00:00 [queued]>
[2024-03-15 09:43:33,882] {taskinstance.py:1356} INFO - 
--------------------------------------------------------------------------------
[2024-03-15 09:43:33,883] {taskinstance.py:1357} INFO - Starting attempt 1 of 1
[2024-03-15 09:43:33,883] {taskinstance.py:1358} INFO - 
--------------------------------------------------------------------------------
[2024-03-15 09:43:33,915] {taskinstance.py:1377} INFO - Executing <Task(PythonOperator): etl_src_to_stg> on 2024-03-15 09:43:31.125229+00:00
[2024-03-15 09:43:33,990] {standard_task_runner.py:52} INFO - Started process 18809 to run task
[2024-03-15 09:43:34,077] {standard_task_runner.py:79} INFO - Running: ['airflow', 'tasks', 'run', 'etl_covid_daily', 'etl_src_to_stg', 'manual__2024-03-15T09:43:31.125229+00:00', '--job-id', '55', '--raw', '--subdir', 'DAGS_FOLDER/etl_covid_daily.py', '--cfg-path', '/tmp/tmp3k8rko4_', '--error-file', '/tmp/tmpm7fl672t']
[2024-03-15 09:43:34,097] {standard_task_runner.py:80} INFO - Job 55: Subtask etl_src_to_stg
[2024-03-15 09:43:34,644] {task_command.py:369} INFO - Running <TaskInstance: etl_covid_daily.etl_src_to_stg manual__2024-03-15T09:43:31.125229+00:00 [running]> on host 3751c7bf410e
[2024-03-15 09:43:34,844] {taskinstance.py:1571} INFO - Exporting the following env vars:
AIRFLOW_CTX_DAG_OWNER=airflow
AIRFLOW_CTX_DAG_ID=etl_covid_daily
AIRFLOW_CTX_TASK_ID=etl_src_to_stg
AIRFLOW_CTX_EXECUTION_DATE=2024-03-15T09:43:31.125229+00:00
AIRFLOW_CTX_TRY_NUMBER=1
AIRFLOW_CTX_DAG_RUN_ID=manual__2024-03-15T09:43:31.125229+00:00
[2024-03-15 09:43:35,349] {python.py:173} INFO - Done. Returned value was: None
[2024-03-15 09:43:35,381] {taskinstance.py:1400} INFO - Marking task as SUCCESS. dag_id=etl_covid_daily, task_id=etl_src_to_stg, execution_date=20240315T094331, start_date=20240315T094333, end_date=20240315T094335
[2024-03-15 09:43:35,429] {local_task_job.py:156} INFO - Task exited with return code 0
[2024-03-15 09:43:35,494] {local_task_job.py:273} INFO - 1 downstream tasks scheduled from follow-on schedule check
