[2024-03-14 15:27:10,918] {taskinstance.py:1159} INFO - Dependencies all met for <TaskInstance: etl_covid_daily.etl_stg_to_dwh scheduled__2024-03-10T00:00:00+00:00 [queued]>
[2024-03-14 15:27:10,994] {taskinstance.py:1159} INFO - Dependencies all met for <TaskInstance: etl_covid_daily.etl_stg_to_dwh scheduled__2024-03-10T00:00:00+00:00 [queued]>
[2024-03-14 15:27:11,001] {taskinstance.py:1356} INFO - 
--------------------------------------------------------------------------------
[2024-03-14 15:27:11,001] {taskinstance.py:1357} INFO - Starting attempt 1 of 1
[2024-03-14 15:27:11,001] {taskinstance.py:1358} INFO - 
--------------------------------------------------------------------------------
[2024-03-14 15:27:11,140] {taskinstance.py:1377} INFO - Executing <Task(PythonOperator): etl_stg_to_dwh> on 2024-03-10 00:00:00+00:00
[2024-03-14 15:27:11,161] {standard_task_runner.py:52} INFO - Started process 8181 to run task
[2024-03-14 15:27:11,310] {standard_task_runner.py:79} INFO - Running: ['airflow', 'tasks', 'run', 'etl_covid_daily', 'etl_stg_to_dwh', 'scheduled__2024-03-10T00:00:00+00:00', '--job-id', '24', '--raw', '--subdir', 'DAGS_FOLDER/etl_covid_daily.py', '--cfg-path', '/tmp/tmp_y6rb30l', '--error-file', '/tmp/tmppdeyaoah']
[2024-03-14 15:27:11,321] {standard_task_runner.py:80} INFO - Job 24: Subtask etl_stg_to_dwh
[2024-03-14 15:27:11,469] {logging_mixin.py:115} WARNING - /home/airflow/.local/lib/python3.7/site-packages/airflow/configuration.py:470 DeprecationWarning: The sql_alchemy_conn option in [core] has been moved to the sql_alchemy_conn option in [database] - the old setting has been used, but please update your config.
[2024-03-14 15:27:11,651] {task_command.py:369} INFO - Running <TaskInstance: etl_covid_daily.etl_stg_to_dwh scheduled__2024-03-10T00:00:00+00:00 [running]> on host 3751c7bf410e
[2024-03-14 15:27:12,122] {taskinstance.py:1571} INFO - Exporting the following env vars:
AIRFLOW_CTX_DAG_OWNER=airflow
AIRFLOW_CTX_DAG_ID=etl_covid_daily
AIRFLOW_CTX_TASK_ID=etl_stg_to_dwh
AIRFLOW_CTX_EXECUTION_DATE=2024-03-10T00:00:00+00:00
AIRFLOW_CTX_TRY_NUMBER=1
AIRFLOW_CTX_DAG_RUN_ID=scheduled__2024-03-10T00:00:00+00:00
[2024-03-14 15:27:12,607] {python.py:173} INFO - Done. Returned value was: 512
[2024-03-14 15:27:12,938] {taskinstance.py:1400} INFO - Marking task as SUCCESS. dag_id=etl_covid_daily, task_id=etl_stg_to_dwh, execution_date=20240310T000000, start_date=20240314T152710, end_date=20240314T152712
[2024-03-14 15:27:13,115] {local_task_job.py:156} INFO - Task exited with return code 0
[2024-03-14 15:27:13,437] {local_task_job.py:273} INFO - 0 downstream tasks scheduled from follow-on schedule check
