[2024-03-14 15:27:11,338] {taskinstance.py:1159} INFO - Dependencies all met for <TaskInstance: etl_covid_daily.etl_stg_to_dwh scheduled__2024-03-12T00:00:00+00:00 [queued]>
[2024-03-14 15:27:11,400] {taskinstance.py:1159} INFO - Dependencies all met for <TaskInstance: etl_covid_daily.etl_stg_to_dwh scheduled__2024-03-12T00:00:00+00:00 [queued]>
[2024-03-14 15:27:11,406] {taskinstance.py:1356} INFO - 
--------------------------------------------------------------------------------
[2024-03-14 15:27:11,409] {taskinstance.py:1357} INFO - Starting attempt 1 of 1
[2024-03-14 15:27:11,409] {taskinstance.py:1358} INFO - 
--------------------------------------------------------------------------------
[2024-03-14 15:27:11,501] {taskinstance.py:1377} INFO - Executing <Task(PythonOperator): etl_stg_to_dwh> on 2024-03-12 00:00:00+00:00
[2024-03-14 15:27:11,544] {standard_task_runner.py:52} INFO - Started process 8185 to run task
[2024-03-14 15:27:11,555] {standard_task_runner.py:79} INFO - Running: ['airflow', 'tasks', 'run', 'etl_covid_daily', 'etl_stg_to_dwh', 'scheduled__2024-03-12T00:00:00+00:00', '--job-id', '26', '--raw', '--subdir', 'DAGS_FOLDER/etl_covid_daily.py', '--cfg-path', '/tmp/tmpm4g3hopx', '--error-file', '/tmp/tmp3x5idgfm']
[2024-03-14 15:27:11,570] {standard_task_runner.py:80} INFO - Job 26: Subtask etl_stg_to_dwh
[2024-03-14 15:27:11,667] {logging_mixin.py:115} WARNING - /home/airflow/.local/lib/python3.7/site-packages/airflow/configuration.py:470 DeprecationWarning: The sql_alchemy_conn option in [core] has been moved to the sql_alchemy_conn option in [database] - the old setting has been used, but please update your config.
[2024-03-14 15:27:11,892] {task_command.py:369} INFO - Running <TaskInstance: etl_covid_daily.etl_stg_to_dwh scheduled__2024-03-12T00:00:00+00:00 [running]> on host 3751c7bf410e
[2024-03-14 15:27:12,173] {taskinstance.py:1571} INFO - Exporting the following env vars:
AIRFLOW_CTX_DAG_OWNER=airflow
AIRFLOW_CTX_DAG_ID=etl_covid_daily
AIRFLOW_CTX_TASK_ID=etl_stg_to_dwh
AIRFLOW_CTX_EXECUTION_DATE=2024-03-12T00:00:00+00:00
AIRFLOW_CTX_TRY_NUMBER=1
AIRFLOW_CTX_DAG_RUN_ID=scheduled__2024-03-12T00:00:00+00:00
[2024-03-14 15:27:12,633] {python.py:173} INFO - Done. Returned value was: 512
[2024-03-14 15:27:13,057] {taskinstance.py:1400} INFO - Marking task as SUCCESS. dag_id=etl_covid_daily, task_id=etl_stg_to_dwh, execution_date=20240312T000000, start_date=20240314T152711, end_date=20240314T152713
[2024-03-14 15:27:13,180] {local_task_job.py:156} INFO - Task exited with return code 0
[2024-03-14 15:27:13,617] {local_task_job.py:273} INFO - 0 downstream tasks scheduled from follow-on schedule check
